<?xml version="1.0" encoding="UTF-8"?>
<!-- Generated by org.testng.reporters.JUnitXMLReporter -->
<testsuite ignored="0" hostname="DESKTOP-KPO36PO" failures="0" tests="2" name="Chrome_102320244Test" time="11.977" errors="0" timestamp="2024-09-24T18:33:52 IST">
  <testcase classname="testCases.TC01_AccountRegistrationTest" name="Verify_Registration_Page" time="1.44"/>
  <testcase classname="testCases.TC01_AccountRegistrationTest" name="Verify_Account_Registration" time="1.621"/>
</testsuite> <!-- Chrome_102320244Test -->
