<?xml version="1.0" encoding="UTF-8"?>
<!-- Generated by org.testng.reporters.JUnitXMLReporter -->
<testsuite ignored="0" hostname="DESKTOP-KPO36PO" failures="0" tests="2" name="Edge_Test" time="180.656" errors="0" timestamp="2024-09-26T12:13:09 IST">
  <testcase classname="testCases.TC01_AccountRegistrationTest" name="Verify_Registration_Page" time="0.0">
    <skipped/>
  </testcase> <!-- Verify_Registration_Page -->
  <testcase classname="testCases.TC01_AccountRegistrationTest" name="Verify_Account_Registration" time="0.0">
    <skipped/>
  </testcase> <!-- Verify_Account_Registration -->
</testsuite> <!-- Edge_Test -->
